<?xml version="1.0" encoding="UTF-8"?>
<!-- Generated by org.testng.reporters.JUnitReportReporter -->
<testsuite hostname="DESKTOP-U2QK182" failures="0" tests="1" name="cucumber.TestNgTestRunner" time="22.153" errors="0" timestamp="2023-02-07T19:33:32 IST" skipped="0">
  <testcase classname="cucumber.TestNgTestRunner" name="runScenario" time="22.153"/>
  <system-out/>
</testsuite> <!-- cucumber.TestNgTestRunner -->
