<?xml version="1.0" encoding="UTF-8"?>
<!-- Generated by org.testng.reporters.JUnitReportReporter -->
<testsuite hostname="DESKTOP-U2QK182" failures="0" tests="2" name="day1.day1" time="0.019" errors="0" timestamp="2023-01-09T20:51:28 IST" skipped="0">
  <testcase classname="day1.day1" name="demo1" time="0.016"/>
  <system-out/>
  <testcase classname="day1.day1" name="demo2" time="0.003"/>
  <system-out/>
</testsuite> <!-- day1.day1 -->
