<?xml version="1.0" encoding="UTF-8"?>
<!-- Generated by org.testng.reporters.JUnitReportReporter -->
<testsuite hostname="DESKTOP-U2QK182" failures="0" tests="1" name="siddemo.tests.Standolonetest2" time="38.306" errors="0" timestamp="2023-02-07T21:15:58 IST" skipped="0">
  <testcase classname="siddemo.tests.Standolonetest2" name="SubmitOrder" time="38.306"/>
  <system-out/>
</testsuite> <!-- siddemo.tests.Standolonetest2 -->
