<?xml version="1.0" encoding="UTF-8"?>
<!-- Generated by org.testng.reporters.JUnitReportReporter -->
<testsuite hostname="DESKTOP-U2QK182" failures="0" tests="2" name="excel.datadriven.exceldatadriven" time="19.069" errors="0" timestamp="22 Feb 2023 14:33:09 GMT">
  <testcase classname="excel.datadriven.exceldatadriven" name="login" time="12.108"/>
  <testcase classname="excel.datadriven.exceldatadriven" name="login" time="6.961"/>
</testsuite> <!-- excel.datadriven.exceldatadriven -->
