<?xml version="1.0" encoding="UTF-8"?>
<!-- Generated by org.testng.reporters.JUnitReportReporter -->
<testsuite hostname="DESKTOP-U2QK182" failures="0" tests="1" name="ExtentReport.demo.Extentreportdemo" time="15.554" errors="0" timestamp="2023-01-31T20:32:42 IST" skipped="0">
  <testcase classname="ExtentReport.demo.Extentreportdemo" name="pdadmin" time="15.554"/>
  <system-out/>
</testsuite> <!-- ExtentReport.demo.Extentreportdemo -->
